<?xml version="1.0" encoding="UTF-8"?>
<!-- Generated by org.testng.reporters.JUnitXMLReporter -->
<testsuite ignored="4" hostname="KRISHNAMURTHY" failures="0" tests="2" name="Compat_Chrome_Test" time="328.69" errors="0" timestamp="2022-06-11T10:48:44 IST">
  <testcase classname="com.crm.comcast.contactTest.CreateContactTest" name="createContact" time="98.847"/>
  <testcase classname="com.crm.comcast.campaignTest.CreateCampaignTest" name="createCampaignTest" time="29.718"/>
  <testcase classname="generic_utilities.BaseClass" name="@BeforeSuite bs" time="0.0">
    <ignored/>
  </testcase> <!-- @BeforeSuite bs -->
  <testcase classname="generic_utilities.BaseClass" name="@BeforeTest bt" time="0.0">
    <ignored/>
  </testcase> <!-- @BeforeTest bt -->
  <testcase classname="generic_utilities.BaseClass" name="@AfterSuite as" time="0.0">
    <ignored/>
  </testcase> <!-- @AfterSuite as -->
  <testcase classname="generic_utilities.BaseClass" name="@AfterTest at" time="0.0">
    <ignored/>
  </testcase> <!-- @AfterTest at -->
</testsuite> <!-- Compat_Chrome_Test -->
