<?xml version="1.0" encoding="UTF-8"?>
<!-- Generated by org.testng.reporters.JUnitXMLReporter -->
<testsuite ignored="4" hostname="KRISHNAMURTHY" failures="0" tests="2" name="test2" time="232.335" errors="0" timestamp="2022-06-09T17:43:44 IST">
  <testcase classname="com.crm.comcast.contactTest.DeleteContactTest" name="deleteContactTest" time="45.598"/>
  <testcase classname="com.crm.comcast.contactTest.CreateContactTest" name="createContact" time="31.512"/>
  <testcase classname="generic_utilities.BaseClass" name="@BeforeSuite bs" time="0.0">
    <ignored/>
  </testcase> <!-- @BeforeSuite bs -->
  <testcase classname="generic_utilities.BaseClass" name="@BeforeTest bt" time="0.0">
    <ignored/>
  </testcase> <!-- @BeforeTest bt -->
  <testcase classname="generic_utilities.BaseClass" name="@AfterSuite as" time="0.0">
    <ignored/>
  </testcase> <!-- @AfterSuite as -->
  <testcase classname="generic_utilities.BaseClass" name="@AfterTest at" time="0.0">
    <ignored/>
  </testcase> <!-- @AfterTest at -->
</testsuite> <!-- test2 -->
